2020-05-10 07:48:48.231 [restartedMain] INFO  org.springframework.boot.StartupInfoLogger.logStarting(StartupInfoLogger.java:55) - Starting CharityApplication on DESKTOP-72MLF68 with PID 19996 (D:\java\Charity\target\classes started by 菠菜男朋友 in D:\java\Charity)
2020-05-10 07:48:48.291 [restartedMain] INFO  org.springframework.boot.SpringApplication.logStartupProfileInfo(SpringApplication.java:651) - No active profile set, falling back to default profiles: default
2020-05-10 07:48:48.500 [restartedMain] INFO  org.springframework.boot.logging.DeferredLog.logTo(DeferredLog.java:225) - The Class-Path manifest attribute in C:\Users\HP暗影精灵\.m2\repository\com\sun\xml\bind\jaxb-impl\2.1\jaxb-impl-2.1.jar referenced one or more files that do not exist: file:/C:/Users/HP%e6%9a%97%e5%bd%b1%e7%b2%be%e7%81%b5/.m2/repository/com/sun/xml/bind/jaxb-impl/2.1/jaxb-api.jar,file:/C:/Users/HP%e6%9a%97%e5%bd%b1%e7%b2%be%e7%81%b5/.m2/repository/com/sun/xml/bind/jaxb-impl/2.1/activation.jar,file:/C:/Users/HP%e6%9a%97%e5%bd%b1%e7%b2%be%e7%81%b5/.m2/repository/com/sun/xml/bind/jaxb-impl/2.1/jsr173_1.0_api.jar,file:/C:/Users/HP%e6%9a%97%e5%bd%b1%e7%b2%be%e7%81%b5/.m2/repository/com/sun/xml/bind/jaxb-impl/2.1/jaxb1-impl.jar
2020-05-10 07:48:48.503 [restartedMain] INFO  org.springframework.boot.logging.DeferredLog.logTo(DeferredLog.java:225) - Devtools property defaults active! Set 'spring.devtools.add-properties' to 'false' to disable
2020-05-10 07:48:48.504 [restartedMain] INFO  org.springframework.boot.logging.DeferredLog.logTo(DeferredLog.java:225) - For additional web related logging consider setting the 'logging.level.web' property to 'DEBUG'
2020-05-10 07:48:57.536 [restartedMain] INFO  org.springframework.data.repository.config.RepositoryConfigurationDelegate.multipleStoresDetected(RepositoryConfigurationDelegate.java:249) - Multiple Spring Data modules found, entering strict repository configuration mode!
2020-05-10 07:48:57.542 [restartedMain] INFO  org.springframework.data.repository.config.RepositoryConfigurationDelegate.registerRepositoriesIn(RepositoryConfigurationDelegate.java:127) - Bootstrapping Spring Data JDBC repositories in DEFAULT mode.
2020-05-10 07:48:57.626 [restartedMain] INFO  org.springframework.data.repository.config.RepositoryConfigurationDelegate.registerRepositoriesIn(RepositoryConfigurationDelegate.java:187) - Finished Spring Data repository scanning in 69ms. Found 0 JDBC repository interfaces.
2020-05-10 07:48:57.667 [restartedMain] INFO  org.springframework.data.repository.config.RepositoryConfigurationDelegate.multipleStoresDetected(RepositoryConfigurationDelegate.java:249) - Multiple Spring Data modules found, entering strict repository configuration mode!
2020-05-10 07:48:57.669 [restartedMain] INFO  org.springframework.data.repository.config.RepositoryConfigurationDelegate.registerRepositoriesIn(RepositoryConfigurationDelegate.java:127) - Bootstrapping Spring Data Redis repositories in DEFAULT mode.
2020-05-10 07:48:57.723 [restartedMain] INFO  org.springframework.data.repository.config.RepositoryConfigurationDelegate.registerRepositoriesIn(RepositoryConfigurationDelegate.java:187) - Finished Spring Data repository scanning in 31ms. Found 0 Redis repository interfaces.
2020-05-10 07:48:58.554 [restartedMain] INFO  org.springframework.context.support.PostProcessorRegistrationDelegate$BeanPostProcessorChecker.postProcessAfterInitialization(PostProcessorRegistrationDelegate.java:330) - Bean 'spring.redis-org.springframework.boot.autoconfigure.data.redis.RedisProperties' of type [org.springframework.boot.autoconfigure.data.redis.RedisProperties] is not eligible for getting processed by all BeanPostProcessors (for example: not eligible for auto-proxying)
2020-05-10 07:48:58.568 [restartedMain] INFO  org.springframework.context.support.PostProcessorRegistrationDelegate$BeanPostProcessorChecker.postProcessAfterInitialization(PostProcessorRegistrationDelegate.java:330) - Bean 'org.springframework.transaction.annotation.ProxyTransactionManagementConfiguration' of type [org.springframework.transaction.annotation.ProxyTransactionManagementConfiguration] is not eligible for getting processed by all BeanPostProcessors (for example: not eligible for auto-proxying)
2020-05-10 07:48:58.625 [restartedMain] INFO  org.springframework.context.support.PostProcessorRegistrationDelegate$BeanPostProcessorChecker.postProcessAfterInitialization(PostProcessorRegistrationDelegate.java:330) - Bean 'org.springframework.boot.autoconfigure.data.redis.LettuceConnectionConfiguration' of type [org.springframework.boot.autoconfigure.data.redis.LettuceConnectionConfiguration] is not eligible for getting processed by all BeanPostProcessors (for example: not eligible for auto-proxying)
2020-05-10 07:48:58.863 [restartedMain] INFO  org.springframework.context.support.PostProcessorRegistrationDelegate$BeanPostProcessorChecker.postProcessAfterInitialization(PostProcessorRegistrationDelegate.java:330) - Bean 'lettuceClientResources' of type [io.lettuce.core.resource.DefaultClientResources] is not eligible for getting processed by all BeanPostProcessors (for example: not eligible for auto-proxying)
2020-05-10 07:48:59.121 [restartedMain] INFO  org.springframework.context.support.PostProcessorRegistrationDelegate$BeanPostProcessorChecker.postProcessAfterInitialization(PostProcessorRegistrationDelegate.java:330) - Bean 'redisConnectionFactory' of type [org.springframework.data.redis.connection.lettuce.LettuceConnectionFactory] is not eligible for getting processed by all BeanPostProcessors (for example: not eligible for auto-proxying)
2020-05-10 07:48:59.123 [restartedMain] INFO  org.springframework.context.support.PostProcessorRegistrationDelegate$BeanPostProcessorChecker.postProcessAfterInitialization(PostProcessorRegistrationDelegate.java:330) - Bean 'redisconfig' of type [com.charity.config.Redisconfig$$EnhancerBySpringCGLIB$$804762f9] is not eligible for getting processed by all BeanPostProcessors (for example: not eligible for auto-proxying)
2020-05-10 07:49:00.439 [restartedMain] INFO  org.springframework.boot.web.embedded.tomcat.TomcatWebServer.initialize(TomcatWebServer.java:92) - Tomcat initialized with port(s): 8080 (http)
2020-05-10 07:49:00.457 [restartedMain] INFO  org.apache.juli.logging.DirectJDKLog.log(DirectJDKLog.java:173) - Initializing ProtocolHandler ["http-nio-8080"]
2020-05-10 07:49:00.459 [restartedMain] INFO  org.apache.juli.logging.DirectJDKLog.log(DirectJDKLog.java:173) - Starting service [Tomcat]
2020-05-10 07:49:00.461 [restartedMain] INFO  org.apache.juli.logging.DirectJDKLog.log(DirectJDKLog.java:173) - Starting Servlet engine: [Apache Tomcat/9.0.29]
2020-05-10 07:49:00.467 [restartedMain] INFO  org.apache.juli.logging.DirectJDKLog.log(DirectJDKLog.java:173) - An older version [1.2.19] of the APR based Apache Tomcat Native library is installed, while Tomcat recommends a minimum version of [1.2.23]
2020-05-10 07:49:00.467 [restartedMain] INFO  org.apache.juli.logging.DirectJDKLog.log(DirectJDKLog.java:173) - Loaded APR based Apache Tomcat Native library [1.2.19] using APR version [1.6.5].
2020-05-10 07:49:00.468 [restartedMain] INFO  org.apache.juli.logging.DirectJDKLog.log(DirectJDKLog.java:173) - APR capabilities: IPv6 [true], sendfile [true], accept filters [false], random [true].
2020-05-10 07:49:00.468 [restartedMain] INFO  org.apache.juli.logging.DirectJDKLog.log(DirectJDKLog.java:173) - APR/OpenSSL configuration: useAprConnector [false], useOpenSSL [true]
2020-05-10 07:49:00.589 [restartedMain] INFO  org.apache.juli.logging.DirectJDKLog.log(DirectJDKLog.java:173) - OpenSSL successfully initialized [OpenSSL 1.1.1a  20 Nov 2018]
2020-05-10 07:49:00.946 [restartedMain] INFO  org.apache.juli.logging.DirectJDKLog.log(DirectJDKLog.java:173) - Initializing Spring embedded WebApplicationContext
2020-05-10 07:49:00.947 [restartedMain] INFO  org.springframework.boot.web.servlet.context.ServletWebServerApplicationContext.prepareWebApplicationContext(ServletWebServerApplicationContext.java:284) - Root WebApplicationContext: initialization completed in 12443 ms
2020-05-10 07:49:01.150 [restartedMain] INFO  com.alibaba.druid.spring.boot.autoconfigure.DruidDataSourceAutoConfigure.dataSource(DruidDataSourceAutoConfigure.java:56) - Init DruidDataSource
2020-05-10 07:49:01.512 [restartedMain] INFO  com.alibaba.druid.pool.DruidDataSource.init(DruidDataSource.java:928) - {dataSource-1} inited
2020-05-10 07:49:03.622 [restartedMain] WARN  org.thymeleaf.templatemode.TemplateMode.parse(TemplateMode.java:150) - [THYMELEAF][restartedMain] Template Mode 'HTML5' is deprecated. Using Template Mode 'HTML' instead.
2020-05-10 07:49:11.520 [restartedMain] INFO  org.springframework.boot.devtools.autoconfigure.OptionalLiveReloadServer.startServer(OptionalLiveReloadServer.java:58) - LiveReload server is running on port 35729
2020-05-10 07:49:11.594 [restartedMain] INFO  org.apache.juli.logging.DirectJDKLog.log(DirectJDKLog.java:173) - Starting ProtocolHandler ["http-nio-8080"]
2020-05-10 07:49:11.635 [restartedMain] INFO  org.springframework.boot.web.embedded.tomcat.TomcatWebServer.start(TomcatWebServer.java:204) - Tomcat started on port(s): 8080 (http) with context path ''
2020-05-10 07:49:11.640 [restartedMain] INFO  org.springframework.boot.StartupInfoLogger.logStarted(StartupInfoLogger.java:61) - Started CharityApplication in 24.79 seconds (JVM running for 34.129)
2020-05-10 07:57:37.933 [http-nio-8080-exec-1] INFO  org.apache.juli.logging.DirectJDKLog.log(DirectJDKLog.java:173) - A cookie header was received [1588943259,1589004947,1589018008; __utma=111872281.871662022.1582905026.1589027426.1589029781.69] that contained an invalid cookie. That cookie will be ignored.
 Note: further occurrences of this error will be logged at DEBUG level.
2020-05-10 07:57:37.960 [http-nio-8080-exec-1] INFO  org.apache.juli.logging.DirectJDKLog.log(DirectJDKLog.java:173) - Initializing Spring DispatcherServlet 'dispatcherServlet'
2020-05-10 07:57:37.961 [http-nio-8080-exec-1] INFO  org.springframework.web.servlet.FrameworkServlet.initServletBean(FrameworkServlet.java:525) - Initializing Servlet 'dispatcherServlet'
2020-05-10 07:57:37.983 [http-nio-8080-exec-1] INFO  org.springframework.web.servlet.FrameworkServlet.initServletBean(FrameworkServlet.java:547) - Completed initialization in 22 ms
2020-05-10 07:57:40.040 [http-nio-8080-exec-2] WARN  org.springframework.web.servlet.DispatcherServlet.noHandlerFound(DispatcherServlet.java:1251) - No mapping for GET /favicon.ico
2020-05-10 07:57:51.176 [http-nio-8080-exec-4] WARN  org.springframework.web.servlet.DispatcherServlet.noHandlerFound(DispatcherServlet.java:1251) - No mapping for GET /favicon.ico
2020-05-10 07:58:08.864 [http-nio-8080-exec-10] INFO  io.lettuce.core.EpollProvider.<clinit>(EpollProvider.java:68) - Starting without optional epoll library
2020-05-10 07:58:08.869 [http-nio-8080-exec-10] INFO  io.lettuce.core.KqueueProvider.<clinit>(KqueueProvider.java:70) - Starting without optional kqueue library
2020-05-10 08:01:20.692 [restartedMain] INFO  org.springframework.boot.StartupInfoLogger.logStarting(StartupInfoLogger.java:55) - Starting CharityApplication on DESKTOP-72MLF68 with PID 26636 (D:\java\Charity\target\classes started by 菠菜男朋友 in D:\java\Charity)
2020-05-10 08:01:20.722 [restartedMain] INFO  org.springframework.boot.SpringApplication.logStartupProfileInfo(SpringApplication.java:651) - No active profile set, falling back to default profiles: default
2020-05-10 08:01:20.874 [restartedMain] INFO  org.springframework.boot.logging.DeferredLog.logTo(DeferredLog.java:225) - The Class-Path manifest attribute in C:\Users\HP暗影精灵\.m2\repository\com\sun\xml\bind\jaxb-impl\2.1\jaxb-impl-2.1.jar referenced one or more files that do not exist: file:/C:/Users/HP%e6%9a%97%e5%bd%b1%e7%b2%be%e7%81%b5/.m2/repository/com/sun/xml/bind/jaxb-impl/2.1/jaxb-api.jar,file:/C:/Users/HP%e6%9a%97%e5%bd%b1%e7%b2%be%e7%81%b5/.m2/repository/com/sun/xml/bind/jaxb-impl/2.1/activation.jar,file:/C:/Users/HP%e6%9a%97%e5%bd%b1%e7%b2%be%e7%81%b5/.m2/repository/com/sun/xml/bind/jaxb-impl/2.1/jsr173_1.0_api.jar,file:/C:/Users/HP%e6%9a%97%e5%bd%b1%e7%b2%be%e7%81%b5/.m2/repository/com/sun/xml/bind/jaxb-impl/2.1/jaxb1-impl.jar
2020-05-10 08:01:20.875 [restartedMain] INFO  org.springframework.boot.logging.DeferredLog.logTo(DeferredLog.java:225) - Devtools property defaults active! Set 'spring.devtools.add-properties' to 'false' to disable
2020-05-10 08:01:20.876 [restartedMain] INFO  org.springframework.boot.logging.DeferredLog.logTo(DeferredLog.java:225) - For additional web related logging consider setting the 'logging.level.web' property to 'DEBUG'
2020-05-10 08:01:23.433 [restartedMain] INFO  org.springframework.data.repository.config.RepositoryConfigurationDelegate.multipleStoresDetected(RepositoryConfigurationDelegate.java:249) - Multiple Spring Data modules found, entering strict repository configuration mode!
2020-05-10 08:01:23.442 [restartedMain] INFO  org.springframework.data.repository.config.RepositoryConfigurationDelegate.registerRepositoriesIn(RepositoryConfigurationDelegate.java:127) - Bootstrapping Spring Data JDBC repositories in DEFAULT mode.
2020-05-10 08:01:23.523 [restartedMain] INFO  org.springframework.data.repository.config.RepositoryConfigurationDelegate.registerRepositoriesIn(RepositoryConfigurationDelegate.java:187) - Finished Spring Data repository scanning in 68ms. Found 0 JDBC repository interfaces.
2020-05-10 08:01:23.557 [restartedMain] INFO  org.springframework.data.repository.config.RepositoryConfigurationDelegate.multipleStoresDetected(RepositoryConfigurationDelegate.java:249) - Multiple Spring Data modules found, entering strict repository configuration mode!
2020-05-10 08:01:23.559 [restartedMain] INFO  org.springframework.data.repository.config.RepositoryConfigurationDelegate.registerRepositoriesIn(RepositoryConfigurationDelegate.java:127) - Bootstrapping Spring Data Redis repositories in DEFAULT mode.
2020-05-10 08:01:23.616 [restartedMain] INFO  org.springframework.data.repository.config.RepositoryConfigurationDelegate.registerRepositoriesIn(RepositoryConfigurationDelegate.java:187) - Finished Spring Data repository scanning in 34ms. Found 0 Redis repository interfaces.
2020-05-10 08:01:24.318 [restartedMain] INFO  org.springframework.context.support.PostProcessorRegistrationDelegate$BeanPostProcessorChecker.postProcessAfterInitialization(PostProcessorRegistrationDelegate.java:330) - Bean 'spring.redis-org.springframework.boot.autoconfigure.data.redis.RedisProperties' of type [org.springframework.boot.autoconfigure.data.redis.RedisProperties] is not eligible for getting processed by all BeanPostProcessors (for example: not eligible for auto-proxying)
2020-05-10 08:01:24.329 [restartedMain] INFO  org.springframework.context.support.PostProcessorRegistrationDelegate$BeanPostProcessorChecker.postProcessAfterInitialization(PostProcessorRegistrationDelegate.java:330) - Bean 'org.springframework.transaction.annotation.ProxyTransactionManagementConfiguration' of type [org.springframework.transaction.annotation.ProxyTransactionManagementConfiguration] is not eligible for getting processed by all BeanPostProcessors (for example: not eligible for auto-proxying)
2020-05-10 08:01:24.371 [restartedMain] INFO  org.springframework.context.support.PostProcessorRegistrationDelegate$BeanPostProcessorChecker.postProcessAfterInitialization(PostProcessorRegistrationDelegate.java:330) - Bean 'org.springframework.boot.autoconfigure.data.redis.LettuceConnectionConfiguration' of type [org.springframework.boot.autoconfigure.data.redis.LettuceConnectionConfiguration] is not eligible for getting processed by all BeanPostProcessors (for example: not eligible for auto-proxying)
2020-05-10 08:01:24.513 [restartedMain] INFO  org.springframework.context.support.PostProcessorRegistrationDelegate$BeanPostProcessorChecker.postProcessAfterInitialization(PostProcessorRegistrationDelegate.java:330) - Bean 'lettuceClientResources' of type [io.lettuce.core.resource.DefaultClientResources] is not eligible for getting processed by all BeanPostProcessors (for example: not eligible for auto-proxying)
2020-05-10 08:01:24.649 [restartedMain] INFO  org.springframework.context.support.PostProcessorRegistrationDelegate$BeanPostProcessorChecker.postProcessAfterInitialization(PostProcessorRegistrationDelegate.java:330) - Bean 'redisConnectionFactory' of type [org.springframework.data.redis.connection.lettuce.LettuceConnectionFactory] is not eligible for getting processed by all BeanPostProcessors (for example: not eligible for auto-proxying)
2020-05-10 08:01:24.650 [restartedMain] INFO  org.springframework.context.support.PostProcessorRegistrationDelegate$BeanPostProcessorChecker.postProcessAfterInitialization(PostProcessorRegistrationDelegate.java:330) - Bean 'redisconfig' of type [com.charity.config.Redisconfig$$EnhancerBySpringCGLIB$$adfdf0c] is not eligible for getting processed by all BeanPostProcessors (for example: not eligible for auto-proxying)
2020-05-10 08:01:25.502 [restartedMain] INFO  org.springframework.boot.web.embedded.tomcat.TomcatWebServer.initialize(TomcatWebServer.java:92) - Tomcat initialized with port(s): 8080 (http)
2020-05-10 08:01:25.518 [restartedMain] INFO  org.apache.juli.logging.DirectJDKLog.log(DirectJDKLog.java:173) - Initializing ProtocolHandler ["http-nio-8080"]
2020-05-10 08:01:25.519 [restartedMain] INFO  org.apache.juli.logging.DirectJDKLog.log(DirectJDKLog.java:173) - Starting service [Tomcat]
2020-05-10 08:01:25.520 [restartedMain] INFO  org.apache.juli.logging.DirectJDKLog.log(DirectJDKLog.java:173) - Starting Servlet engine: [Apache Tomcat/9.0.29]
2020-05-10 08:01:25.525 [restartedMain] INFO  org.apache.juli.logging.DirectJDKLog.log(DirectJDKLog.java:173) - An older version [1.2.19] of the APR based Apache Tomcat Native library is installed, while Tomcat recommends a minimum version of [1.2.23]
2020-05-10 08:01:25.525 [restartedMain] INFO  org.apache.juli.logging.DirectJDKLog.log(DirectJDKLog.java:173) - Loaded APR based Apache Tomcat Native library [1.2.19] using APR version [1.6.5].
2020-05-10 08:01:25.526 [restartedMain] INFO  org.apache.juli.logging.DirectJDKLog.log(DirectJDKLog.java:173) - APR capabilities: IPv6 [true], sendfile [true], accept filters [false], random [true].
2020-05-10 08:01:25.526 [restartedMain] INFO  org.apache.juli.logging.DirectJDKLog.log(DirectJDKLog.java:173) - APR/OpenSSL configuration: useAprConnector [false], useOpenSSL [true]
2020-05-10 08:01:25.532 [restartedMain] INFO  org.apache.juli.logging.DirectJDKLog.log(DirectJDKLog.java:173) - OpenSSL successfully initialized [OpenSSL 1.1.1a  20 Nov 2018]
2020-05-10 08:01:25.765 [restartedMain] INFO  org.apache.juli.logging.DirectJDKLog.log(DirectJDKLog.java:173) - Initializing Spring embedded WebApplicationContext
2020-05-10 08:01:25.766 [restartedMain] INFO  org.springframework.boot.web.servlet.context.ServletWebServerApplicationContext.prepareWebApplicationContext(ServletWebServerApplicationContext.java:284) - Root WebApplicationContext: initialization completed in 4889 ms
2020-05-10 08:01:25.922 [restartedMain] INFO  com.alibaba.druid.spring.boot.autoconfigure.DruidDataSourceAutoConfigure.dataSource(DruidDataSourceAutoConfigure.java:56) - Init DruidDataSource
2020-05-10 08:01:26.275 [restartedMain] INFO  com.alibaba.druid.pool.DruidDataSource.init(DruidDataSource.java:928) - {dataSource-1} inited
2020-05-10 08:01:27.842 [restartedMain] WARN  org.thymeleaf.templatemode.TemplateMode.parse(TemplateMode.java:150) - [THYMELEAF][restartedMain] Template Mode 'HTML5' is deprecated. Using Template Mode 'HTML' instead.
2020-05-10 08:01:28.288 [restartedMain] INFO  org.springframework.boot.devtools.autoconfigure.OptionalLiveReloadServer.startServer(OptionalLiveReloadServer.java:58) - LiveReload server is running on port 35729
2020-05-10 08:01:28.356 [restartedMain] INFO  org.apache.juli.logging.DirectJDKLog.log(DirectJDKLog.java:173) - Starting ProtocolHandler ["http-nio-8080"]
2020-05-10 08:01:28.403 [restartedMain] INFO  org.springframework.boot.web.embedded.tomcat.TomcatWebServer.start(TomcatWebServer.java:204) - Tomcat started on port(s): 8080 (http) with context path ''
2020-05-10 08:01:28.409 [restartedMain] INFO  org.springframework.boot.StartupInfoLogger.logStarted(StartupInfoLogger.java:61) - Started CharityApplication in 8.612 seconds (JVM running for 18.734)
2020-05-10 08:17:54.816 [http-nio-8080-exec-1] INFO  org.apache.juli.logging.DirectJDKLog.log(DirectJDKLog.java:173) - A cookie header was received [1589004947,1589018008,1589068692] that contained an invalid cookie. That cookie will be ignored.
 Note: further occurrences of this error will be logged at DEBUG level.
2020-05-10 08:17:54.829 [http-nio-8080-exec-1] INFO  org.apache.juli.logging.DirectJDKLog.log(DirectJDKLog.java:173) - Initializing Spring DispatcherServlet 'dispatcherServlet'
2020-05-10 08:17:54.829 [http-nio-8080-exec-1] INFO  org.springframework.web.servlet.FrameworkServlet.initServletBean(FrameworkServlet.java:525) - Initializing Servlet 'dispatcherServlet'
2020-05-10 08:17:54.844 [http-nio-8080-exec-1] INFO  org.springframework.web.servlet.FrameworkServlet.initServletBean(FrameworkServlet.java:547) - Completed initialization in 15 ms
2020-05-10 08:17:56.465 [http-nio-8080-exec-2] WARN  org.springframework.web.servlet.DispatcherServlet.noHandlerFound(DispatcherServlet.java:1251) - No mapping for GET /favicon.ico
2020-05-10 08:17:59.988 [http-nio-8080-exec-6] WARN  org.springframework.web.servlet.DispatcherServlet.noHandlerFound(DispatcherServlet.java:1251) - No mapping for GET /favicon.ico
2020-05-10 08:18:06.936 [http-nio-8080-exec-8] INFO  io.lettuce.core.EpollProvider.<clinit>(EpollProvider.java:68) - Starting without optional epoll library
2020-05-10 08:18:06.941 [http-nio-8080-exec-8] INFO  io.lettuce.core.KqueueProvider.<clinit>(KqueueProvider.java:70) - Starting without optional kqueue library
